datetimepicker/build/outputs/logs/manifest-merger-release-report.txt
-- Merging decision tree log ---
manifest
ADDED from RealDoc\datetimepicker\AndroidManifest.xml:1:1-7:12
INJECTED from RealDoc\datetimepicker\AndroidManifest.xml:1:1-7:12
INJECTED from RealDoc\datetimepicker\AndroidManifest.xml:1:1-7:12
INJECTED from RealDoc\datetimepicker\AndroidManifest.xml:1:1-7:12
INJECTED from RealDoc\datetimepicker\AndroidManifest.xml:1:1-7:12
INJECTED from RealDoc\datetimepicker\AndroidManifest.xml:1:1-7:12
INJECTED from RealDoc\datetimepicker\AndroidManifest.xml:1:1-7:12
	package
		ADDED from RealDoc\datetimepicker\AndroidManifest.xml:2:5-41
		INJECTED from RealDoc\datetimepicker\AndroidManifest.xml
		INJECTED from RealDoc\datetimepicker\AndroidManifest.xml
	android:versionName
		INJECTED from RealDoc\datetimepicker\AndroidManifest.xml
		ADDED from RealDoc\datetimepicker\AndroidManifest.xml:1:1-7:12
		INJECTED from RealDoc\datetimepicker\AndroidManifest.xml
	android:versionCode
		INJECTED from RealDoc\datetimepicker\AndroidManifest.xml
		ADDED from RealDoc\datetimepicker\AndroidManifest.xml:1:1-7:12
		INJECTED from RealDoc\datetimepicker\AndroidManifest.xml
	xmlns:android
		ADDED from RealDoc\datetimepicker\AndroidManifest.xml:1:11-69
uses-permission#android.permission.VIBRATE
ADDED from RealDoc\datetimepicker\AndroidManifest.xml:4:5-66
	android:name
		ADDED from RealDoc\datetimepicker\AndroidManifest.xml:4:22-63
application
ADDED from RealDoc\datetimepicker\AndroidManifest.xml:5:5-20
uses-sdk
INJECTED from RealDoc\datetimepicker\AndroidManifest.xml reason: use-sdk injection requested
INJECTED from RealDoc\datetimepicker\AndroidManifest.xml
INJECTED from RealDoc\datetimepicker\AndroidManifest.xml
INJECTED from RealDoc\datetimepicker\AndroidManifest.xml
INJECTED from RealDoc\datetimepicker\AndroidManifest.xml
	android:targetSdkVersion
		INJECTED from RealDoc\datetimepicker\AndroidManifest.xml
		ADDED from RealDoc\datetimepicker\AndroidManifest.xml
		INJECTED from RealDoc\datetimepicker\AndroidManifest.xml
	android:minSdkVersion
		INJECTED from RealDoc\datetimepicker\AndroidManifest.xml
		ADDED from RealDoc\datetimepicker\AndroidManifest.xml
		INJECTED from RealDoc\datetimepicker\AndroidManifest.xml